<?xml version="1.0" encoding="UTF-8"?>
<testng-results skipped="0" failed="0" ignored="0" total="2" passed="2">
  <reporter-output>
  </reporter-output>
  <suite name="Default suite" duration-ms="118813" started-at="2019-10-01T04:14:48 IST" finished-at="2019-10-01T04:16:47 IST">
    <groups>
    </groups>
    <test name="Default test" duration-ms="118813" started-at="2019-10-01T04:14:48 IST" finished-at="2019-10-01T04:16:47 IST">
      <class name="Base.TestBase">
        <test-method status="PASS" signature="SetUP()[pri:0, instance:Base.TestBase@2758fe70]" name="SetUP" is-config="true" duration-ms="83848" started-at="2019-10-01T04:14:48 IST" finished-at="2019-10-01T04:16:12 IST">
          <reporter-output>
          </reporter-output>
        </test-method> <!-- SetUP -->
        <test-method status="PASS" signature="EnterName()[pri:1, instance:Base.TestBase@2758fe70]" name="EnterName" duration-ms="5231" started-at="2019-10-01T04:16:12 IST" finished-at="2019-10-01T04:16:17 IST">
          <reporter-output>
          </reporter-output>
        </test-method> <!-- EnterName -->
        <test-method status="PASS" signature="SetUP()[pri:0, instance:Base.TestBase@2758fe70]" name="SetUP" is-config="true" duration-ms="27300" started-at="2019-10-01T04:16:17 IST" finished-at="2019-10-01T04:16:45 IST">
          <reporter-output>
          </reporter-output>
        </test-method> <!-- SetUP -->
        <test-method status="PASS" signature="EnterSurName()[pri:2, instance:Base.TestBase@2758fe70]" name="EnterSurName" duration-ms="2242" started-at="2019-10-01T04:16:45 IST" finished-at="2019-10-01T04:16:47 IST">
          <reporter-output>
          </reporter-output>
        </test-method> <!-- EnterSurName -->
      </class> <!-- Base.TestBase -->
    </test> <!-- Default test -->
  </suite> <!-- Default suite -->
</testng-results>
