<?xml version="1.0" encoding="UTF-8"?>
<testng-results skipped="0" failed="0" ignored="0" total="1" passed="1">
  <reporter-output>
  </reporter-output>
  <suite name="Default suite" duration-ms="21431" started-at="2019-10-01T07:26:21 IST" finished-at="2019-10-01T07:26:43 IST">
    <groups>
    </groups>
    <test name="Default test" duration-ms="21431" started-at="2019-10-01T07:26:21 IST" finished-at="2019-10-01T07:26:43 IST">
      <class name="com.qa.runner.TestRunner">
        <test-method status="PASS" signature="setUpClass()[pri:0, instance:com.qa.runner.TestRunner@10b48321]" name="setUpClass" is-config="true" duration-ms="299" started-at="2019-10-01T07:26:21 IST" finished-at="2019-10-01T07:26:22 IST">
          <reporter-output>
          </reporter-output>
        </test-method> <!-- setUpClass -->
        <test-method status="PASS" signature="feature(cucumber.api.testng.CucumberFeatureWrapper)[pri:0, instance:com.qa.runner.TestRunner@10b48321]" name="feature" duration-ms="20267" started-at="2019-10-01T07:26:22 IST" data-provider="features" finished-at="2019-10-01T07:26:42 IST">
          <params>
            <param index="0">
              <value>
                <![CDATA[OrangeHrm Application Test]]>
              </value>
            </param>
          </params>
          <reporter-output>
          </reporter-output>
        </test-method> <!-- feature -->
        <test-method status="PASS" signature="tearDownClass()[pri:0, instance:com.qa.runner.TestRunner@10b48321]" name="tearDownClass" is-config="true" duration-ms="531" started-at="2019-10-01T07:26:42 IST" finished-at="2019-10-01T07:26:43 IST">
          <reporter-output>
          </reporter-output>
        </test-method> <!-- tearDownClass -->
      </class> <!-- com.qa.runner.TestRunner -->
    </test> <!-- Default test -->
  </suite> <!-- Default suite -->
</testng-results>
